#
# There is insufficient memory for the Java Runtime Environment to continue.
# Native memory allocation (mmap) failed to map 266338304 bytes for Failed to commit area from 0x0000000702400000 to 0x0000000712200000 of length 266338304.
# Possible reasons:
#   The system is out of physical RAM or swap space
#   The process is running with CompressedOops enabled, and the Java Heap may be blocking the growth of the native heap
# Possible solutions:
#   Reduce memory load on the system
#   Increase physical memory or swap space
#   Check if swap backing store is full
#   Decrease Java heap size (-Xmx/-Xms)
#   Decrease number of Java threads
#   Decrease Java thread stack sizes (-Xss)
#   Set larger code cache with -XX:ReservedCodeCacheSize=
# This output file may be truncated or incomplete.
#
#  Out of Memory Error (./src/hotspot/os/windows/os_windows.cpp:3619), pid=11680, tid=11372
#
# JRE version:  (11.0.13) (build )
# Java VM: OpenJDK 64-Bit Server VM (11.0.13+0-b1751.21-8125866, mixed mode, sharing, tiered, compressed oops, g1 gc, windows-amd64)
# No core dump will be written. Minidumps are not enabled by default on client versions of Windows
#

---------------  S U M M A R Y ------------

Command Line: git4idea.http.GitAskPassApp Username for 'https://gitlab.utc.fr': 

Host: Intel(R) Core(TM) i7-9750H CPU @ 2.60GHz, 12 cores, 15G,  Windows 10 , 64 bit Build 19041 (10.0.19041.2251)
Time: Fri Dec  2 10:50:17 2022 Paris, Madrid elapsed time: 0.041891 seconds (0d 0h 0m 0s)

---------------  T H R E A D  ---------------

Current thread (0x0000025acf25b000):  JavaThread "Unknown thread" [_thread_in_vm, id=11372, stack(0x0000007a62c00000,0x0000007a62d00000)]

Stack: [0x0000007a62c00000,0x0000007a62d00000]
Native frames: (J=compiled Java code, j=interpreted, Vv=VM code, C=native code)
V  [jvm.dll+0x6100fa]
V  [jvm.dll+0x747090]
V  [jvm.dll+0x7486ad]
V  [jvm.dll+0x748d83]
V  [jvm.dll+0x24ab48]
V  [jvm.dll+0x60d164]
V  [jvm.dll+0x601e75]
V  [jvm.dll+0x308bdb]
V  [jvm.dll+0x308b4a]
V  [jvm.dll+0x308a22]
V  [jvm.dll+0x30d986]
V  [jvm.dll+0x357093]
V  [jvm.dll+0x357796]
V  [jvm.dll+0x357193]
V  [jvm.dll+0x2e3448]
V  [jvm.dll+0x2e45f7]
V  [jvm.dll+0x7242e7]
V  [jvm.dll+0x725adc]
V  [jvm.dll+0x364629]
V  [jvm.dll+0x707cee]
V  [jvm.dll+0x3d2633]
V  [jvm.dll+0x3d4a21]
C  [jli.dll+0x536b]
C  [ucrtbase.dll+0x21bb2]
C  [KERNEL32.DLL+0x174b4]
C  [ntdll.dll+0x526a1]


---------------  P R O C E S S  ---------------

Threads class SMR info:
_java_thread_list=0x0000025acd8cf750, length=0, elements={
}

Java Threads: ( => current thread )

Other Threads:
  0x0000025acf272800 GCTaskThread "GC Thread#0" [stack: 0x0000007a62d00000,0x0000007a62e00000] [id=13196]
  0x0000025acf2d0800 ConcurrentGCThread "G1 Main Marker" [stack: 0x0000007a62e00000,0x0000007a62f00000] [id=18696]
  0x0000025acf2d3800 ConcurrentGCThread "G1 Conc#0" [stack: 0x0000007a62f00000,0x0000007a63000000] [id=15400]

[error occurred during error reporting (printing all threads), id 0xc0000005, EXCEPTION_ACCESS_VIOLATION (0xc0000005) at pc=0x00007fffcdbe3dd7]

VM state:not at safepoint (not fully initialized)

VM Mutex/Monitor currently owned by a thread:  ([mutex/lock_event])
[0x0000025acf257520] Heap_lock - owner thread: 0x0000025acf25b000

Heap address: 0x0000000702400000, size: 4060 MB, Compressed Oops mode: Non-zero based: 0x0000000702400000
Narrow klass base: 0x0000000000000000, Narrow klass shift: 0

GC Heap History (0 events):
No events

Deoptimization events (0 events):
No events

Classes redefined (0 events):
No events

Internal exceptions (0 events):
No events

Events (1 events):
Event: 0.023 Loaded shared library C:\Program Files\Android\Android Studio\jre\bin\zip.dll


Dynamic libraries:
0x00007ff75e810000 - 0x00007ff75e81a000 	C:\Program Files\Android\Android Studio\jre\bin\java.exe
0x00007ff860c30000 - 0x00007ff860e28000 	C:\WINDOWS\SYSTEM32\ntdll.dll
0x00007ff860150000 - 0x00007ff86020f000 	C:\WINDOWS\System32\KERNEL32.DLL
0x00007ff85e480000 - 0x00007ff85e752000 	C:\WINDOWS\System32\KERNELBASE.dll
0x00007ff85e380000 - 0x00007ff85e480000 	C:\WINDOWS\System32\ucrtbase.dll
0x00007ff81f8a0000 - 0x00007ff81f8b9000 	C:\Program Files\Android\Android Studio\jre\bin\jli.dll
0x00007ff822cb0000 - 0x00007ff822cc7000 	C:\Program Files\Android\Android Studio\jre\bin\VCRUNTIME140.dll
0x00007ff860a50000 - 0x00007ff860bed000 	C:\WINDOWS\System32\USER32.dll
0x00007ff85e950000 - 0x00007ff85e972000 	C:\WINDOWS\System32\win32u.dll
0x00007ff8407e0000 - 0x00007ff840a7a000 	C:\WINDOWS\WinSxS\amd64_microsoft.windows.common-controls_6595b64144ccf1df_6.0.19041.1110_none_60b5254171f9507e\COMCTL32.dll
0x00007ff8608f0000 - 0x00007ff86091b000 	C:\WINDOWS\System32\GDI32.dll
0x00007ff860040000 - 0x00007ff8600de000 	C:\WINDOWS\System32\msvcrt.dll
0x00007ff85eae0000 - 0x00007ff85ebef000 	C:\WINDOWS\System32\gdi32full.dll
0x00007ff85e760000 - 0x00007ff85e7fd000 	C:\WINDOWS\System32\msvcp_win.dll
0x00007ff860000000 - 0x00007ff860032000 	C:\WINDOWS\System32\IMM32.DLL
0x00007fffc5070000 - 0x00007fffc510d000 	C:\Program Files\Android\Android Studio\jre\bin\msvcp140.dll
0x00007fffcd8f0000 - 0x00007fffce3f2000 	C:\Program Files\Android\Android Studio\jre\bin\server\jvm.dll
0x00007ff8609a0000 - 0x00007ff860a4e000 	C:\WINDOWS\System32\ADVAPI32.dll
0x00007ff860380000 - 0x00007ff86041c000 	C:\WINDOWS\System32\sechost.dll
0x00007ff85eef0000 - 0x00007ff85f015000 	C:\WINDOWS\System32\RPCRT4.dll
0x00007ff85fb80000 - 0x00007ff85fb88000 	C:\WINDOWS\System32\PSAPI.DLL
0x00007ff84cde0000 - 0x00007ff84ce07000 	C:\WINDOWS\SYSTEM32\WINMM.dll
0x00007ff858630000 - 0x00007ff85863a000 	C:\WINDOWS\SYSTEM32\VERSION.dll
0x00007ff859790000 - 0x00007ff859799000 	C:\WINDOWS\SYSTEM32\WSOCK32.dll
0x00007ff8600e0000 - 0x00007ff86014b000 	C:\WINDOWS\System32\WS2_32.dll
0x00007ff85c1f0000 - 0x00007ff85c202000 	C:\WINDOWS\SYSTEM32\kernel.appcore.dll
0x00007ff8588c0000 - 0x00007ff8588d1000 	C:\Program Files\Android\Android Studio\jre\bin\verify.dll
0x00007ff84c4a0000 - 0x00007ff84c684000 	C:\WINDOWS\SYSTEM32\DBGHELP.DLL
0x00007ff849640000 - 0x00007ff84966c000 	C:\WINDOWS\SYSTEM32\dbgcore.DLL
0x00007ff85ebf0000 - 0x00007ff85ec72000 	C:\WINDOWS\System32\bcryptPrimitives.dll
0x00007ff830e70000 - 0x00007ff830e99000 	C:\Program Files\Android\Android Studio\jre\bin\java.dll
0x00007ff84b2d0000 - 0x00007ff84b2db000 	C:\Program Files\Android\Android Studio\jre\bin\jimage.dll
0x00007ff82ef00000 - 0x00007ff82ef18000 	C:\Program Files\Android\Android Studio\jre\bin\zip.dll

dbghelp: loaded successfully - version: 4.0.5 - missing functions: none
symbol engine: initialized successfully - sym options: 0x614 - pdb path: .;C:\Program Files\Android\Android Studio\jre\bin;C:\WINDOWS\SYSTEM32;C:\WINDOWS\WinSxS\amd64_microsoft.windows.common-controls_6595b64144ccf1df_6.0.19041.1110_none_60b5254171f9507e;C:\Program Files\Android\Android Studio\jre\bin\server

VM Arguments:
java_command: git4idea.http.GitAskPassApp Username for 'https://gitlab.utc.fr': 
java_class_path (initial): C:/Program Files/Android/Android Studio/plugins/git4idea/lib/git4idea-rt.jar;C:/Program Files/Android/Android Studio/lib/3rd-party.jar;C:/Program Files/Android/Android Studio/lib/3rd-party-rt.jar
Launcher Type: SUN_STANDARD

[Global flags]
     intx CICompilerCount                          = 4                                         {product} {ergonomic}
     uint ConcGCThreads                            = 3                                         {product} {ergonomic}
     uint G1ConcRefinementThreads                  = 10                                        {product} {ergonomic}
   size_t G1HeapRegionSize                         = 1048576                                   {product} {ergonomic}
    uintx GCDrainStackTargetSize                   = 64                                        {product} {ergonomic}
   size_t InitialHeapSize                          = 266338304                                 {product} {ergonomic}
   size_t MarkStackSize                            = 4194304                                   {product} {ergonomic}
   size_t MaxHeapSize                              = 4257218560                                {product} {ergonomic}
   size_t MinHeapDeltaBytes                        = 1048576                                   {product} {ergonomic}
    uintx NonNMethodCodeHeapSize                   = 5836300                                {pd product} {ergonomic}
    uintx NonProfiledCodeHeapSize                  = 122910970                              {pd product} {ergonomic}
    uintx ProfiledCodeHeapSize                     = 122910970                              {pd product} {ergonomic}
    uintx ReservedCodeCacheSize                    = 251658240                              {pd product} {ergonomic}
     bool SegmentedCodeCache                       = true                                      {product} {ergonomic}
     bool UseCompressedClassPointers               = true                                 {lp64_product} {ergonomic}
     bool UseCompressedOops                        = true                                 {lp64_product} {ergonomic}
     bool UseG1GC                                  = true                                      {product} {ergonomic}
     bool UseLargePagesIndividualAllocation        = false                                  {pd product} {ergonomic}

Logging:
Log output configuration:
 #0: stdout all=warning uptime,level,tags
 #1: stderr all=off uptime,level,tags

Environment Variables:
PATH=C:/Program Files/Git/mingw64/libexec/git-core;C:/Program Files/Git/mingw64/libexec/git-core;C:\Program Files\Git\mingw64\bin;C:\Program Files\Git\usr\bin;C:\Users\damie\bin;C:\Program Files (x86)\Common Files\Oracle\Java\javapath;C:\Program Files\Microsoft\jdk-11.0.12.7-hotspot\bin;C:\Windows\system32;C:\Windows;C:\Windows\System32\Wbem;C:\Windows\System32\WindowsPowerShell\v1.0\;C:\Windows\System32\OpenSSH\;C:\Program Files (x86)\Intel\Intel(R) Management Engine Components\DAL;C:\Program Files\Intel\Intel(R) Management Engine Components\DAL;C:\Program Files (x86)\NVIDIA Corporation\PhysX\Common;C:\WINDOWS\system32;C:\WINDOWS;C:\WINDOWS\System32\Wbem;C:\WINDOWS\System32\WindowsPowerShell\v1.0\;C:\WINDOWS\System32\OpenSSH\;C:\Program Files\NVIDIA Corporation\NVIDIA NvDLISR;C:\Program Files\Git\cmd;C:\Program Files\dotnet\;C:\Users\damie\AppData\Local\Programs\Python\Python310\Scripts\;C:\Users\damie\AppData\Local\Programs\Python\Python310\;C:\Users\damie\AppData\Local\Microsoft\WindowsApps;C:\Users\damie\AppData\Local\atom\bin;C:\Program Files\swipl\bin;C:\Users\damie\AppData\Local\GitHubDesktop\bin;C:\Users\damie\AppData\Local\Programs\MiKTeX\miktex\bin\x64\
USERNAME=damie
DISPLAY=:0.0
LC_ALL=en_US.UTF-8
OS=Windows_NT
PROCESSOR_IDENTIFIER=Intel64 Family 6 Model 158 Stepping 10, GenuineIntel



---------------  S Y S T E M  ---------------

OS: Windows 10 , 64 bit Build 19041 (10.0.19041.2251)
OS uptime: 0 days 1:40 hours

CPU:total 12 (initial active 12) (6 cores per cpu, 2 threads per core) family 6 model 158 stepping 10 microcode 0xb4, cmov, cx8, fxsr, mmx, sse, sse2, sse3, ssse3, sse4.1, sse4.2, popcnt, avx, avx2, aes, clmul, erms, 3dnowpref, lzcnt, ht, tsc, tscinvbit, bmi1, bmi2, adx, fma

Memory: 4k page, system-wide physical 16232M (2994M free)
TotalPageFile size 16232M (AvailPageFile size 192M)
current process WorkingSet (physical memory assigned to process): 10M, peak: 10M
current process commit charge ("private bytes"): 64M, peak: 318M

vm_info: OpenJDK 64-Bit Server VM (11.0.13+0-b1751.21-8125866) for windows-amd64 JRE (11.0.13+0-b1751.21-8125866), built on Feb  2 2022 03:00:22 by "builder" with MS VC++ 14.0 (VS2015)

END.
