#
# There is insufficient memory for the Java Runtime Environment to continue.
# Native memory allocation (mmap) failed to map 266338304 bytes for Failed to commit area from 0x0000000702400000 to 0x0000000712200000 of length 266338304.
# Possible reasons:
#   The system is out of physical RAM or swap space
#   The process is running with CompressedOops enabled, and the Java Heap may be blocking the growth of the native heap
# Possible solutions:
#   Reduce memory load on the system
#   Increase physical memory or swap space
#   Check if swap backing store is full
#   Decrease Java heap size (-Xmx/-Xms)
#   Decrease number of Java threads
#   Decrease Java thread stack sizes (-Xss)
#   Set larger code cache with -XX:ReservedCodeCacheSize=
# This output file may be truncated or incomplete.
#
#  Out of Memory Error (./src/hotspot/os/windows/os_windows.cpp:3619), pid=8792, tid=1744
#
# JRE version:  (11.0.13) (build )
# Java VM: OpenJDK 64-Bit Server VM (11.0.13+0-b1751.21-8125866, mixed mode, sharing, tiered, compressed oops, g1 gc, windows-amd64)
# No core dump will be written. Minidumps are not enabled by default on client versions of Windows
#

---------------  S U M M A R Y ------------

Command Line: git4idea.http.GitAskPassApp Username for 'https://gitlab.utc.fr': 

Host: Intel(R) Core(TM) i7-9750H CPU @ 2.60GHz, 12 cores, 15G,  Windows 10 , 64 bit Build 19041 (10.0.19041.1889)
Time: Fri Oct 21 10:53:36 2022 Paris, Madrid (heure d’été) elapsed time: 0.014706 seconds (0d 0h 0m 0s)

---------------  T H R E A D  ---------------

Current thread (0x000001ddbeacb800):  JavaThread "Unknown thread" [_thread_in_vm, id=1744, stack(0x000000cbf8100000,0x000000cbf8200000)]

Stack: [0x000000cbf8100000,0x000000cbf8200000]
Native frames: (J=compiled Java code, j=interpreted, Vv=VM code, C=native code)
V  [jvm.dll+0x6100fa]
V  [jvm.dll+0x747090]
V  [jvm.dll+0x7486ad]
V  [jvm.dll+0x748d83]
V  [jvm.dll+0x24ab48]
V  [jvm.dll+0x60d164]
V  [jvm.dll+0x601e75]
V  [jvm.dll+0x308bdb]
V  [jvm.dll+0x308b4a]
V  [jvm.dll+0x308a22]
V  [jvm.dll+0x30d986]
V  [jvm.dll+0x357093]
V  [jvm.dll+0x357796]
V  [jvm.dll+0x357193]
V  [jvm.dll+0x2e3448]
V  [jvm.dll+0x2e45f7]
V  [jvm.dll+0x7242e7]
V  [jvm.dll+0x725adc]
V  [jvm.dll+0x364629]
V  [jvm.dll+0x707cee]
V  [jvm.dll+0x3d2633]
V  [jvm.dll+0x3d4a21]
C  [jli.dll+0x536b]
C  [ucrtbase.dll+0x21bb2]
C  [KERNEL32.DLL+0x17034]
C  [ntdll.dll+0x526a1]


---------------  P R O C E S S  ---------------

Threads class SMR info:
_java_thread_list=0x000001ddbd0738c0, length=0, elements={
}

Java Threads: ( => current thread )

Other Threads:
  0x000001ddbeae3000 GCTaskThread "GC Thread#0" [stack: 0x000000cbf8200000,0x000000cbf8300000] [id=8532]
  0x000001ddbeb40800 ConcurrentGCThread "G1 Main Marker" [stack: 0x000000cbf8300000,0x000000cbf8400000] [id=16096]
  0x000001ddbeb44000 ConcurrentGCThread "G1 Conc#0" [stack: 0x000000cbf8400000,0x000000cbf8500000] [id=5560]

[error occurred during error reporting (printing all threads), id 0xc0000005, EXCEPTION_ACCESS_VIOLATION (0xc0000005) at pc=0x00007fff5ce33dd7]

VM state:not at safepoint (not fully initialized)

VM Mutex/Monitor currently owned by a thread:  ([mutex/lock_event])
[0x000001ddbeac7000] Heap_lock - owner thread: 0x000001ddbeacb800

Heap address: 0x0000000702400000, size: 4060 MB, Compressed Oops mode: Non-zero based: 0x0000000702400000
Narrow klass base: 0x0000000000000000, Narrow klass shift: 0

GC Heap History (0 events):
No events

Deoptimization events (0 events):
No events

Classes redefined (0 events):
No events

Internal exceptions (0 events):
No events

Events (1 events):
Event: 0.009 Loaded shared library C:\Program Files\Android\Android Studio\jre\bin\zip.dll


Dynamic libraries:
0x00007ff7fb480000 - 0x00007ff7fb48a000 	C:\Program Files\Android\Android Studio\jre\bin\java.exe
0x00007ffffa390000 - 0x00007ffffa588000 	C:\WINDOWS\SYSTEM32\ntdll.dll
0x00007ffff9b40000 - 0x00007ffff9bfd000 	C:\WINDOWS\System32\KERNEL32.DLL
0x00007ffff7fe0000 - 0x00007ffff82b2000 	C:\WINDOWS\System32\KERNELBASE.dll
0x00007ffff7cd0000 - 0x00007ffff7dd0000 	C:\WINDOWS\System32\ucrtbase.dll
0x00007fffcebc0000 - 0x00007fffcebd9000 	C:\Program Files\Android\Android Studio\jre\bin\jli.dll
0x00007fffceba0000 - 0x00007fffcebb7000 	C:\Program Files\Android\Android Studio\jre\bin\VCRUNTIME140.dll
0x00007ffffa1b0000 - 0x00007ffffa34d000 	C:\WINDOWS\System32\USER32.dll
0x00007ffff7e20000 - 0x00007ffff7e42000 	C:\WINDOWS\System32\win32u.dll
0x00007fffd4b40000 - 0x00007fffd4dda000 	C:\WINDOWS\WinSxS\amd64_microsoft.windows.common-controls_6595b64144ccf1df_6.0.19041.1110_none_60b5254171f9507e\COMCTL32.dll
0x00007ffff9c70000 - 0x00007ffff9c9b000 	C:\WINDOWS\System32\GDI32.dll
0x00007ffff9eb0000 - 0x00007ffff9f4e000 	C:\WINDOWS\System32\msvcrt.dll
0x00007ffff7b50000 - 0x00007ffff7c5f000 	C:\WINDOWS\System32\gdi32full.dll
0x00007ffff8350000 - 0x00007ffff83ed000 	C:\WINDOWS\System32\msvcp_win.dll
0x00007ffff99f0000 - 0x00007ffff9a20000 	C:\WINDOWS\System32\IMM32.DLL
0x00007fffceb00000 - 0x00007fffceb9d000 	C:\Program Files\Android\Android Studio\jre\bin\msvcp140.dll
0x00007fff5cb40000 - 0x00007fff5d642000 	C:\Program Files\Android\Android Studio\jre\bin\server\jvm.dll
0x00007ffff9fe0000 - 0x00007ffffa08e000 	C:\WINDOWS\System32\ADVAPI32.dll
0x00007ffff8650000 - 0x00007ffff86ec000 	C:\WINDOWS\System32\sechost.dll
0x00007ffff9ca0000 - 0x00007ffff9dc5000 	C:\WINDOWS\System32\RPCRT4.dll
0x00007ffff85e0000 - 0x00007ffff85e8000 	C:\WINDOWS\System32\PSAPI.DLL
0x00007fffe8380000 - 0x00007fffe83a7000 	C:\WINDOWS\SYSTEM32\WINMM.dll
0x00007fffcdeb0000 - 0x00007fffcdeb9000 	C:\WINDOWS\SYSTEM32\WSOCK32.dll
0x00007ffff1d50000 - 0x00007ffff1d5a000 	C:\WINDOWS\SYSTEM32\VERSION.dll
0x00007ffff9c00000 - 0x00007ffff9c6b000 	C:\WINDOWS\System32\WS2_32.dll
0x00007ffff5960000 - 0x00007ffff5972000 	C:\WINDOWS\SYSTEM32\kernel.appcore.dll
0x00007fffd5e10000 - 0x00007fffd5e21000 	C:\Program Files\Android\Android Studio\jre\bin\verify.dll
0x00007fffe6a00000 - 0x00007fffe6be4000 	C:\WINDOWS\SYSTEM32\DBGHELP.DLL
0x00007fffe5d90000 - 0x00007fffe5dbc000 	C:\WINDOWS\SYSTEM32\dbgcore.DLL
0x00007ffff82c0000 - 0x00007ffff8342000 	C:\WINDOWS\System32\bcryptPrimitives.dll
0x00007fffd57d0000 - 0x00007fffd57f9000 	C:\Program Files\Android\Android Studio\jre\bin\java.dll
0x00007fffd5e00000 - 0x00007fffd5e0b000 	C:\Program Files\Android\Android Studio\jre\bin\jimage.dll
0x00007fffd57b0000 - 0x00007fffd57c8000 	C:\Program Files\Android\Android Studio\jre\bin\zip.dll

dbghelp: loaded successfully - version: 4.0.5 - missing functions: none
symbol engine: initialized successfully - sym options: 0x614 - pdb path: .;C:\Program Files\Android\Android Studio\jre\bin;C:\WINDOWS\SYSTEM32;C:\WINDOWS\WinSxS\amd64_microsoft.windows.common-controls_6595b64144ccf1df_6.0.19041.1110_none_60b5254171f9507e;C:\Program Files\Android\Android Studio\jre\bin\server

VM Arguments:
java_command: git4idea.http.GitAskPassApp Username for 'https://gitlab.utc.fr': 
java_class_path (initial): C:/Program Files/Android/Android Studio/plugins/git4idea/lib/git4idea-rt.jar;C:/Program Files/Android/Android Studio/lib/3rd-party.jar;C:/Program Files/Android/Android Studio/lib/3rd-party-rt.jar
Launcher Type: SUN_STANDARD

[Global flags]
     intx CICompilerCount                          = 4                                         {product} {ergonomic}
     uint ConcGCThreads                            = 3                                         {product} {ergonomic}
     uint G1ConcRefinementThreads                  = 10                                        {product} {ergonomic}
   size_t G1HeapRegionSize                         = 1048576                                   {product} {ergonomic}
    uintx GCDrainStackTargetSize                   = 64                                        {product} {ergonomic}
   size_t InitialHeapSize                          = 266338304                                 {product} {ergonomic}
   size_t MarkStackSize                            = 4194304                                   {product} {ergonomic}
   size_t MaxHeapSize                              = 4257218560                                {product} {ergonomic}
   size_t MinHeapDeltaBytes                        = 1048576                                   {product} {ergonomic}
    uintx NonNMethodCodeHeapSize                   = 5836300                                {pd product} {ergonomic}
    uintx NonProfiledCodeHeapSize                  = 122910970                              {pd product} {ergonomic}
    uintx ProfiledCodeHeapSize                     = 122910970                              {pd product} {ergonomic}
    uintx ReservedCodeCacheSize                    = 251658240                              {pd product} {ergonomic}
     bool SegmentedCodeCache                       = true                                      {product} {ergonomic}
     bool UseCompressedClassPointers               = true                                 {lp64_product} {ergonomic}
     bool UseCompressedOops                        = true                                 {lp64_product} {ergonomic}
     bool UseG1GC                                  = true                                      {product} {ergonomic}
     bool UseLargePagesIndividualAllocation        = false                                  {pd product} {ergonomic}

Logging:
Log output configuration:
 #0: stdout all=warning uptime,level,tags
 #1: stderr all=off uptime,level,tags

Environment Variables:
PATH=C:/Program Files/Git/mingw64/libexec/git-core;C:/Program Files/Git/mingw64/libexec/git-core;C:\Program Files\Git\mingw64\bin;C:\Program Files\Git\usr\bin;C:\Users\damie\bin;C:\Program Files (x86)\Common Files\Oracle\Java\javapath;C:\Program Files\Microsoft\jdk-11.0.12.7-hotspot\bin;C:\Windows\system32;C:\Windows;C:\Windows\System32\Wbem;C:\Windows\System32\WindowsPowerShell\v1.0\;C:\Windows\System32\OpenSSH\;C:\Program Files (x86)\Intel\Intel(R) Management Engine Components\DAL;C:\Program Files\Intel\Intel(R) Management Engine Components\DAL;C:\Program Files (x86)\NVIDIA Corporation\PhysX\Common;C:\WINDOWS\system32;C:\WINDOWS;C:\WINDOWS\System32\Wbem;C:\WINDOWS\System32\WindowsPowerShell\v1.0\;C:\WINDOWS\System32\OpenSSH\;C:\Program Files\NVIDIA Corporation\NVIDIA NvDLISR;C:\Program Files\Git\cmd;C:\Program Files\dotnet\;C:\Users\damie\AppData\Local\Programs\Python\Python310\Scripts\;C:\Users\damie\AppData\Local\Programs\Python\Python310\;C:\Users\damie\AppData\Local\Microsoft\WindowsApps;C:\Users\damie\AppData\Local\atom\bin;C:\Program Files\swipl\bin;C:\Users\damie\AppData\Local\GitHubDesktop\bin;C:\Users\damie\AppData\Local\Programs\MiKTeX\miktex\bin\x64\
USERNAME=damie
DISPLAY=:0.0
LC_ALL=en_US.UTF-8
OS=Windows_NT
PROCESSOR_IDENTIFIER=Intel64 Family 6 Model 158 Stepping 10, GenuineIntel



---------------  S Y S T E M  ---------------

OS: Windows 10 , 64 bit Build 19041 (10.0.19041.1889)
OS uptime: 0 days 0:49 hours

CPU:total 12 (initial active 12) (6 cores per cpu, 2 threads per core) family 6 model 158 stepping 10 microcode 0xb4, cmov, cx8, fxsr, mmx, sse, sse2, sse3, ssse3, sse4.1, sse4.2, popcnt, avx, avx2, aes, clmul, erms, 3dnowpref, lzcnt, ht, tsc, tscinvbit, bmi1, bmi2, adx, fma

Memory: 4k page, system-wide physical 16232M (2285M free)
TotalPageFile size 16232M (AvailPageFile size 212M)
current process WorkingSet (physical memory assigned to process): 10M, peak: 10M
current process commit charge ("private bytes"): 64M, peak: 318M

vm_info: OpenJDK 64-Bit Server VM (11.0.13+0-b1751.21-8125866) for windows-amd64 JRE (11.0.13+0-b1751.21-8125866), built on Feb  2 2022 03:00:22 by "builder" with MS VC++ 14.0 (VS2015)

END.
